#-----------------------------------------------------------
# Vivado v2018.3 (64-bit)
# SW Build 2405991 on Thu Dec  6 23:38:27 MST 2018
# IP Build 2404404 on Fri Dec  7 01:43:56 MST 2018
# Start of session at: Thu Jul 30 15:52:37 2020
# Process ID: 15660
# Current directory: C:/Users/DELL/Desktop/Camera_Demo
# Command line: vivado.exe -gui_launcher_event rodinguilauncherevent2412 C:\Users\DELL\Desktop\Camera_Demo\Camera_Demo.xpr
# Log file: C:/Users/DELL/Desktop/Camera_Demo/vivado.log
# Journal file: C:/Users/DELL/Desktop/Camera_Demo\vivado.jou
#-----------------------------------------------------------
start_gui
open_project C:/Users/DELL/Desktop/Camera_Demo/Camera_Demo.xpr
Scanning sources...
Finished scanning sources
INFO: [IP_Flow 19-234] Refreshing IP repositories
INFO: [IP_Flow 19-1700] Loaded user IP repository 'c:/Users/DELL/Desktop/Camera_Demo/IP_Core'.
INFO: [IP_Flow 19-2313] Loaded Vivado IP repository 'D:/Vivado/2018.3/data/ip'.
open_project: Time (s): cpu = 00:00:22 ; elapsed = 00:00:14 . Memory (MB): peak = 786.145 ; gain = 196.695
update_compile_order -fileset sources_1
add_files -norecurse {C:/Users/DELL/Desktop/Camera_Demo/Camera_Demo.srcs/sources_1/new/num5.v C:/Users/DELL/Desktop/Camera_Demo/Camera_Demo.srcs/sources_1/new/num6.v C:/Users/DELL/Desktop/Camera_Demo/Camera_Demo.srcs/sources_1/new/num7.v C:/Users/DELL/Desktop/Camera_Demo/Camera_Demo.srcs/sources_1/new/num8.v C:/Users/DELL/Desktop/Camera_Demo/Camera_Demo.srcs/sources_1/new/num9.v C:/Users/DELL/Desktop/Camera_Demo/Camera_Demo.srcs/sources_1/new/num2.v C:/Users/DELL/Desktop/Camera_Demo/Camera_Demo.srcs/sources_1/new/num3.v C:/Users/DELL/Desktop/Camera_Demo/Camera_Demo.srcs/sources_1/new/num4.v}
update_compile_order -fileset sources_1
export_ip_user_files -of_objects  [get_files C:/Users/DELL/Desktop/Digital-Recognition-master/project/spartan_cam.srcs/sources_1/imports/new/num3.v] -no_script -reset -force -quiet
export_ip_user_files -of_objects  [get_files C:/Users/DELL/Desktop/Digital-Recognition-master/project/spartan_cam.srcs/sources_1/imports/new/num2.v] -no_script -reset -force -quiet
export_ip_user_files -of_objects  [get_files C:/Users/DELL/Desktop/Digital-Recognition-master/project/spartan_cam.srcs/sources_1/imports/new/num4.v] -no_script -reset -force -quiet
export_ip_user_files -of_objects  [get_files C:/Users/DELL/Desktop/Digital-Recognition-master/project/spartan_cam.srcs/sources_1/imports/new/num5.v] -no_script -reset -force -quiet
export_ip_user_files -of_objects  [get_files C:/Users/DELL/Desktop/Digital-Recognition-master/project/spartan_cam.srcs/sources_1/imports/new/num6.v] -no_script -reset -force -quiet
export_ip_user_files -of_objects  [get_files C:/Users/DELL/Desktop/Digital-Recognition-master/project/spartan_cam.srcs/sources_1/imports/new/num7.v] -no_script -reset -force -quiet
export_ip_user_files -of_objects  [get_files C:/Users/DELL/Desktop/Digital-Recognition-master/project/spartan_cam.srcs/sources_1/imports/new/num8.v] -no_script -reset -force -quiet
export_ip_user_files -of_objects  [get_files C:/Users/DELL/Desktop/Digital-Recognition-master/project/spartan_cam.srcs/sources_1/imports/new/num9.v] -no_script -reset -force -quiet
remove_files  {C:/Users/DELL/Desktop/Digital-Recognition-master/project/spartan_cam.srcs/sources_1/imports/new/num3.v C:/Users/DELL/Desktop/Digital-Recognition-master/project/spartan_cam.srcs/sources_1/imports/new/num2.v C:/Users/DELL/Desktop/Digital-Recognition-master/project/spartan_cam.srcs/sources_1/imports/new/num4.v C:/Users/DELL/Desktop/Digital-Recognition-master/project/spartan_cam.srcs/sources_1/imports/new/num5.v C:/Users/DELL/Desktop/Digital-Recognition-master/project/spartan_cam.srcs/sources_1/imports/new/num6.v C:/Users/DELL/Desktop/Digital-Recognition-master/project/spartan_cam.srcs/sources_1/imports/new/num7.v C:/Users/DELL/Desktop/Digital-Recognition-master/project/spartan_cam.srcs/sources_1/imports/new/num8.v C:/Users/DELL/Desktop/Digital-Recognition-master/project/spartan_cam.srcs/sources_1/imports/new/num9.v}
reset_run synth_1
launch_runs synth_1 -jobs 8
[Thu Jul 30 16:00:52 2020] Launched synth_1...
Run output will be captured here: C:/Users/DELL/Desktop/Camera_Demo/Camera_Demo.runs/synth_1/runme.log
launch_runs impl_1 -jobs 8
[Thu Jul 30 16:02:53 2020] Launched impl_1...
Run output will be captured here: C:/Users/DELL/Desktop/Camera_Demo/Camera_Demo.runs/impl_1/runme.log
exit
INFO: [Common 17-206] Exiting Vivado at Thu Jul 30 16:06:31 2020...
