#-----------------------------------------------------------
# Vivado v2018.3 (64-bit)
# SW Build 2405991 on Thu Dec  6 23:38:27 MST 2018
# IP Build 2404404 on Fri Dec  7 01:43:56 MST 2018
# Start of session at: Tue Jul 28 13:15:23 2020
# Process ID: 19628
# Current directory: C:/Users/DELL/Desktop/Camera_Demo
# Command line: vivado.exe -gui_launcher_event rodinguilauncherevent6616 C:\Users\DELL\Desktop\Camera_Demo\Camera_Demo.xpr
# Log file: C:/Users/DELL/Desktop/Camera_Demo/vivado.log
# Journal file: C:/Users/DELL/Desktop/Camera_Demo\vivado.jou
#-----------------------------------------------------------
start_gui
open_project C:/Users/DELL/Desktop/Camera_Demo/Camera_Demo.xpr
INFO: [Project 1-313] Project file moved from 'C:/Users/ThinkPad/Desktop/FPGA_Demo_Project/Camera_Demo' since last save.
Scanning sources...
Finished scanning sources
WARNING: [filemgmt 56-3] impl_1 strategy "Vivado Implementation Defaults," step write_bitstream, attribute : Could not find the file 'E:/FPGA-Demo-Project/Camera_Demo/tcl/Elimate_Constraints_Error.tcl'.
INFO: [IP_Flow 19-234] Refreshing IP repositories
INFO: [IP_Flow 19-1700] Loaded user IP repository 'c:/Users/DELL/Desktop/Camera_Demo/IP_Core'.
INFO: [IP_Flow 19-2313] Loaded Vivado IP repository 'D:/Vivado/2018.3/data/ip'.
WARNING: [IP_Flow 19-2162] IP 'RAM_Line' is locked:
* IP definition 'Block Memory Generator (8.4)' for IP 'RAM_Line' (customized with software release 2018.2) has a different revision in the IP Catalog.
Please select 'Report IP Status' from the 'Tools/Report' menu or run Tcl command 'report_ip_status' for more information.
WARNING: [IP_Flow 19-2162] IP 'AXIS_Data_RAM' is locked:
* IP definition 'Block Memory Generator (8.4)' for IP 'AXIS_Data_RAM' (customized with software release 2018.2) has a different revision in the IP Catalog.
Please select 'Report IP Status' from the 'Tools/Report' menu or run Tcl command 'report_ip_status' for more information.
WARNING: [IP_Flow 19-2162] IP 'clk_wiz_0' is locked:
* IP definition 'Clocking Wizard (6.0)' for IP 'clk_wiz_0' (customized with software release 2018.2) has a different revision in the IP Catalog.
Please select 'Report IP Status' from the 'Tools/Report' menu or run Tcl command 'report_ip_status' for more information.
WARNING: [IP_Flow 19-2162] IP 'clk_wiz_1' is locked:
* IP definition 'Clocking Wizard (6.0)' for IP 'clk_wiz_1' (customized with software release 2018.2) has a different revision in the IP Catalog.
Please select 'Report IP Status' from the 'Tools/Report' menu or run Tcl command 'report_ip_status' for more information.
INFO: [Runs 36-536] Adding Tcl hook script file E:/FPGA-Demo-Project/Camera_Demo/tcl/Elimate_Constraints_Error.tcl to utils_1 fileset.
INFO: [Runs 36-535] Tcl hook script file E:/FPGA-Demo-Project/Camera_Demo/tcl/Elimate_Constraints_Error.tcl does not exist.
INFO: [Project 1-230] Project 'Camera_Demo.xpr' upgraded for this version of Vivado.
open_project: Time (s): cpu = 00:00:21 ; elapsed = 00:00:12 . Memory (MB): peak = 798.512 ; gain = 181.078
update_compile_order -fileset sources_1
report_ip_status -name ip_status 
upgrade_ip -srcset clk_wiz_0 -vlnv xilinx.com:ip:clk_wiz:6.0 [get_ips  clk_wiz_0] -log ip_upgrade.log
Upgrading 'clk_wiz_0'
INFO: [Project 1-386] Moving file 'C:/Users/DELL/Desktop/Camera_Demo/Camera_Demo.srcs/sources_1/ip/clk_wiz_0/clk_wiz_0.xci' from fileset 'clk_wiz_0' to fileset 'sources_1'.
INFO: [IP_Flow 19-3422] Upgraded clk_wiz_0 (Clocking Wizard 6.0) from revision 1 to revision 2
INFO: [IP_Flow 19-1686] Generating 'Instantiation Template' target for IP 'clk_wiz_0'...
INFO: [Coretcl 2-1525] Wrote upgrade log to 'C:/Users/DELL/Desktop/Camera_Demo/ip_upgrade.log'.
upgrade_ip: Time (s): cpu = 00:00:06 ; elapsed = 00:00:05 . Memory (MB): peak = 905.527 ; gain = 93.473
export_ip_user_files -of_objects [get_ips clk_wiz_0] -no_script -sync -force -quiet
update_compile_order -fileset sources_1
upgrade_ip -srcset clk_wiz_1 -vlnv xilinx.com:ip:clk_wiz:6.0 [get_ips  clk_wiz_1] -log ip_upgrade.log
Upgrading 'clk_wiz_1'
INFO: [Project 1-386] Moving file 'C:/Users/DELL/Desktop/Camera_Demo/Camera_Demo.srcs/sources_1/ip/clk_wiz_1/clk_wiz_1.xci' from fileset 'clk_wiz_1' to fileset 'sources_1'.
WARNING: [IP_Flow 19-3374] An attempt to modify the value of disabled parameter 'CLKOUT2_REQUESTED_OUT_FREQ' from '100.000' to '400.000' has been ignored for IP 'clk_wiz_1'
INFO: [IP_Flow 19-3422] Upgraded clk_wiz_1 (Clocking Wizard 6.0) from revision 1 to revision 2
INFO: [IP_Flow 19-1686] Generating 'Instantiation Template' target for IP 'clk_wiz_1'...
CRITICAL WARNING: [Coretcl 2-1279] The upgrade of 'clk_wiz_1' has identified issues that may require user intervention. Please review the upgrade log 'c:/Users/DELL/Desktop/Camera_Demo/ip_upgrade.log', and verify that the upgraded IP is correctly configured.
INFO: [Coretcl 2-1525] Wrote upgrade log to 'C:/Users/DELL/Desktop/Camera_Demo/ip_upgrade.log'.
export_ip_user_files -of_objects [get_ips clk_wiz_1] -no_script -sync -force -quiet
update_compile_order -fileset sources_1
upgrade_ip -vlnv xilinx.com:ip:blk_mem_gen:8.4 [get_ips  AXIS_Data_RAM] -log ip_upgrade.log
Upgrading 'AXIS_Data_RAM'
INFO: [Device 21-403] Loading part xc7s15ftgb196-1
INFO: [IP_Flow 19-3422] Upgraded AXIS_Data_RAM (Block Memory Generator 8.4) from revision 1 to revision 2
INFO: [IP_Flow 19-1686] Generating 'Instantiation Template' target for IP 'AXIS_Data_RAM'...
INFO: [Coretcl 2-1525] Wrote upgrade log to 'C:/Users/DELL/Desktop/Camera_Demo/ip_upgrade.log'.
export_ip_user_files -of_objects [get_ips AXIS_Data_RAM] -no_script -sync -force -quiet
generate_target all [get_files  C:/Users/DELL/Desktop/Camera_Demo/Camera_Demo.srcs/sources_1/ip/AXIS_Data_RAM/AXIS_Data_RAM.xci]
INFO: [IP_Flow 19-1686] Generating 'Synthesis' target for IP 'AXIS_Data_RAM'...
INFO: [IP_Flow 19-1686] Generating 'Simulation' target for IP 'AXIS_Data_RAM'...
INFO: [IP_Flow 19-1686] Generating 'Miscellaneous' target for IP 'AXIS_Data_RAM'...
INFO: [IP_Flow 19-1686] Generating 'Change Log' target for IP 'AXIS_Data_RAM'...
catch { config_ip_cache -export [get_ips -all AXIS_Data_RAM] }
export_ip_user_files -of_objects [get_files C:/Users/DELL/Desktop/Camera_Demo/Camera_Demo.srcs/sources_1/ip/AXIS_Data_RAM/AXIS_Data_RAM.xci] -no_script -sync -force -quiet
create_ip_run [get_files -of_objects [get_fileset sources_1] C:/Users/DELL/Desktop/Camera_Demo/Camera_Demo.srcs/sources_1/ip/AXIS_Data_RAM/AXIS_Data_RAM.xci]
launch_runs -jobs 8 AXIS_Data_RAM_synth_1
[Tue Jul 28 13:18:36 2020] Launched AXIS_Data_RAM_synth_1...
Run output will be captured here: C:/Users/DELL/Desktop/Camera_Demo/Camera_Demo.runs/AXIS_Data_RAM_synth_1/runme.log
export_simulation -of_objects [get_files C:/Users/DELL/Desktop/Camera_Demo/Camera_Demo.srcs/sources_1/ip/AXIS_Data_RAM/AXIS_Data_RAM.xci] -directory C:/Users/DELL/Desktop/Camera_Demo/Camera_Demo.ip_user_files/sim_scripts -ip_user_files_dir C:/Users/DELL/Desktop/Camera_Demo/Camera_Demo.ip_user_files -ipstatic_source_dir C:/Users/DELL/Desktop/Camera_Demo/Camera_Demo.ip_user_files/ipstatic -lib_map_path [list {modelsim=C:/Users/DELL/Desktop/Camera_Demo/Camera_Demo.cache/compile_simlib/modelsim} {questa=C:/Users/DELL/Desktop/Camera_Demo/Camera_Demo.cache/compile_simlib/questa} {riviera=C:/Users/DELL/Desktop/Camera_Demo/Camera_Demo.cache/compile_simlib/riviera} {activehdl=C:/Users/DELL/Desktop/Camera_Demo/Camera_Demo.cache/compile_simlib/activehdl}] -use_ip_compiled_libs -force -quiet
upgrade_ip -vlnv xilinx.com:ip:blk_mem_gen:8.4 [get_ips  RAM_Line] -log ip_upgrade.log
Upgrading 'RAM_Line'
INFO: [IP_Flow 19-3422] Upgraded RAM_Line (Block Memory Generator 8.4) from revision 1 to revision 2
INFO: [IP_Flow 19-1686] Generating 'Instantiation Template' target for IP 'RAM_Line'...
INFO: [Coretcl 2-1525] Wrote upgrade log to 'C:/Users/DELL/Desktop/Camera_Demo/ip_upgrade.log'.
export_ip_user_files -of_objects [get_ips RAM_Line] -no_script -sync -force -quiet
generate_target all [get_files  C:/Users/DELL/Desktop/Camera_Demo/Camera_Demo.srcs/sources_1/ip/RAM_Line/RAM_Line.xci]
INFO: [IP_Flow 19-1686] Generating 'Synthesis' target for IP 'RAM_Line'...
INFO: [IP_Flow 19-1686] Generating 'Simulation' target for IP 'RAM_Line'...
INFO: [IP_Flow 19-1686] Generating 'Miscellaneous' target for IP 'RAM_Line'...
INFO: [IP_Flow 19-1686] Generating 'Change Log' target for IP 'RAM_Line'...
catch { config_ip_cache -export [get_ips -all RAM_Line] }
export_ip_user_files -of_objects [get_files C:/Users/DELL/Desktop/Camera_Demo/Camera_Demo.srcs/sources_1/ip/RAM_Line/RAM_Line.xci] -no_script -sync -force -quiet
create_ip_run [get_files -of_objects [get_fileset sources_1] C:/Users/DELL/Desktop/Camera_Demo/Camera_Demo.srcs/sources_1/ip/RAM_Line/RAM_Line.xci]
launch_runs -jobs 8 RAM_Line_synth_1
[Tue Jul 28 13:19:00 2020] Launched RAM_Line_synth_1...
Run output will be captured here: C:/Users/DELL/Desktop/Camera_Demo/Camera_Demo.runs/RAM_Line_synth_1/runme.log
export_simulation -of_objects [get_files C:/Users/DELL/Desktop/Camera_Demo/Camera_Demo.srcs/sources_1/ip/RAM_Line/RAM_Line.xci] -directory C:/Users/DELL/Desktop/Camera_Demo/Camera_Demo.ip_user_files/sim_scripts -ip_user_files_dir C:/Users/DELL/Desktop/Camera_Demo/Camera_Demo.ip_user_files -ipstatic_source_dir C:/Users/DELL/Desktop/Camera_Demo/Camera_Demo.ip_user_files/ipstatic -lib_map_path [list {modelsim=C:/Users/DELL/Desktop/Camera_Demo/Camera_Demo.cache/compile_simlib/modelsim} {questa=C:/Users/DELL/Desktop/Camera_Demo/Camera_Demo.cache/compile_simlib/questa} {riviera=C:/Users/DELL/Desktop/Camera_Demo/Camera_Demo.cache/compile_simlib/riviera} {activehdl=C:/Users/DELL/Desktop/Camera_Demo/Camera_Demo.cache/compile_simlib/activehdl}] -use_ip_compiled_libs -force -quiet
WARNING: [IP_Flow 19-4067] Ignoring invalid widget type specified checkbox.Providing a default widget
WARNING: [IP_Flow 19-4067] Ignoring invalid widget type specified checkbox.Providing a default widget
exit
INFO: [Common 17-206] Exiting Vivado at Tue Jul 28 13:38:53 2020...
